optind = 4 argc = 7
argv = s21_grep.c
here2
here2
here2
here2
here2
here2
here2
here2
here2
here2
here2
here2
here2
here2
here2
here2
here2
here2
here2
here2
here2
here2
here2
s21_grep.c:1
argv = s21_grep.h
here2
here2
here2
here2
here2
here2
here2
here2
here2
here2
here2
here2
here2
here2
here2
here2
here2
here2
here2
here2
here2
here2
here2
here2
here2
here2
here2
here2
here2
here2
here2
here2
here2
here2
here2
here2
here2
here2
here2
here2
here2
here2
here2
s21_grep.h:3
argv = Makefile
here2
here2
here2
here2
here2
here2
here2
here2
here2
here2
here2
here2
here2
here2
here2
here2
Makefile:0
